0 info it worked if it ends with ok
1 verbose cli [ 'C:\\Users\\Tanmoy Basak Anjan\\AppData\\Local\\.meteor\\packages\\meteor-tool\\1.4.2\\mt-os.windows.x86_32\\dev_bundle\\bin\\node.exe',
1 verbose cli   'C:\\Users\\Tanmoy Basak Anjan\\AppData\\Local\\.meteor\\packages\\meteor-tool\\1.4.2\\mt-os.windows.x86_32\\dev_bundle\\lib\\node_modules\\npm\\bin\\npm-cli.js',
1 verbose cli   'install',
1 verbose cli   '--save',
1 verbose cli   'bcrypt' ]
2 info using npm@3.10.9
3 info using node@v4.6.1
4 silly loadCurrentTree Starting
5 silly install loadCurrentTree
6 silly install readLocalPackageData
7 silly fetchPackageMetaData bcrypt
8 silly fetchNamedPackageData bcrypt
9 silly mapToRegistry name bcrypt
10 silly mapToRegistry using default registry
11 silly mapToRegistry registry https://registry.npmjs.org/
12 silly mapToRegistry data Result {
12 silly mapToRegistry   raw: 'bcrypt',
12 silly mapToRegistry   scope: null,
12 silly mapToRegistry   escapedName: 'bcrypt',
12 silly mapToRegistry   name: 'bcrypt',
12 silly mapToRegistry   rawSpec: '',
12 silly mapToRegistry   spec: 'latest',
12 silly mapToRegistry   type: 'tag' }
13 silly mapToRegistry uri https://registry.npmjs.org/bcrypt
14 verbose request uri https://registry.npmjs.org/bcrypt
15 verbose request no auth needed
16 info attempt registry request try #1 at 2:41:03 PM
17 verbose request id f6264f4071959e90
18 verbose etag "NZ5MG8UYQ53P1WH75V6OSG19"
19 http request GET https://registry.npmjs.org/bcrypt
20 http 304 https://registry.npmjs.org/bcrypt
21 verbose headers { date: 'Thu, 03 Nov 2016 08:41:05 GMT',
21 verbose headers   via: '1.1 varnish',
21 verbose headers   'cache-control': 'max-age=300',
21 verbose headers   etag: '"NZ5MG8UYQ53P1WH75V6OSG19"',
21 verbose headers   age: '257',
21 verbose headers   connection: 'keep-alive',
21 verbose headers   'x-served-by': 'cache-sin6926-SIN',
21 verbose headers   'x-cache': 'HIT',
21 verbose headers   'x-cache-hits': '1',
21 verbose headers   'x-timer': 'S1478162465.754070,VS0,VE0',
21 verbose headers   vary: 'Accept-Encoding' }
22 silly get cb [ 304,
22 silly get   { date: 'Thu, 03 Nov 2016 08:41:05 GMT',
22 silly get     via: '1.1 varnish',
22 silly get     'cache-control': 'max-age=300',
22 silly get     etag: '"NZ5MG8UYQ53P1WH75V6OSG19"',
22 silly get     age: '257',
22 silly get     connection: 'keep-alive',
22 silly get     'x-served-by': 'cache-sin6926-SIN',
22 silly get     'x-cache': 'HIT',
22 silly get     'x-cache-hits': '1',
22 silly get     'x-timer': 'S1478162465.754070,VS0,VE0',
22 silly get     vary: 'Accept-Encoding' } ]
23 verbose etag https://registry.npmjs.org/bcrypt from cache
24 verbose get saving bcrypt to C:\Users\Tanmoy Basak Anjan\AppData\Local\.meteor\packages\meteor-tool\1.4.2\mt-os.windows.x86_32\dev_bundle\.npm\registry.npmjs.org\bcrypt\.cache.json
25 verbose correctMkdir C:\Users\Tanmoy Basak Anjan\AppData\Local\.meteor\packages\meteor-tool\1.4.2\mt-os.windows.x86_32\dev_bundle\.npm correctMkdir not in flight; initializing
26 silly install normalizeTree
27 silly loadCurrentTree Finishing
28 silly loadIdealTree Starting
29 silly install loadIdealTree
30 silly cloneCurrentTree Starting
31 silly install cloneCurrentTreeToIdealTree
32 silly cloneCurrentTree Finishing
33 silly loadShrinkwrap Starting
34 silly install loadShrinkwrap
35 silly loadShrinkwrap Finishing
36 silly loadAllDepsIntoIdealTree Starting
37 silly install loadAllDepsIntoIdealTree
38 silly resolveWithNewModule bcrypt@0.8.7 checking installable status
39 silly cache add args [ 'bcrypt', null ]
40 verbose cache add spec bcrypt
41 silly cache add parsed spec Result {
41 silly cache add   raw: 'bcrypt',
41 silly cache add   scope: null,
41 silly cache add   escapedName: 'bcrypt',
41 silly cache add   name: 'bcrypt',
41 silly cache add   rawSpec: '',
41 silly cache add   spec: 'latest',
41 silly cache add   type: 'tag' }
42 silly addNamed bcrypt@latest
43 verbose addNamed "latest" is being treated as a dist-tag for bcrypt
44 info addNameTag [ 'bcrypt', 'latest' ]
45 silly mapToRegistry name bcrypt
46 silly mapToRegistry using default registry
47 silly mapToRegistry registry https://registry.npmjs.org/
48 silly mapToRegistry data Result {
48 silly mapToRegistry   raw: 'bcrypt',
48 silly mapToRegistry   scope: null,
48 silly mapToRegistry   escapedName: 'bcrypt',
48 silly mapToRegistry   name: 'bcrypt',
48 silly mapToRegistry   rawSpec: '',
48 silly mapToRegistry   spec: 'latest',
48 silly mapToRegistry   type: 'tag' }
49 silly mapToRegistry uri https://registry.npmjs.org/bcrypt
50 verbose addNameTag registry:https://registry.npmjs.org/bcrypt not in flight; fetching
51 verbose get https://registry.npmjs.org/bcrypt not expired, no request
52 silly addNameTag next cb for bcrypt with tag latest
53 silly addNamed bcrypt@0.8.7
54 verbose addNamed "0.8.7" is a plain semver version for bcrypt
55 silly cache afterAdd bcrypt@0.8.7
56 verbose afterAdd C:\Users\Tanmoy Basak Anjan\AppData\Local\.meteor\packages\meteor-tool\1.4.2\mt-os.windows.x86_32\dev_bundle\.npm\bcrypt\0.8.7\package\package.json not in flight; writing
57 verbose correctMkdir C:\Users\Tanmoy Basak Anjan\AppData\Local\.meteor\packages\meteor-tool\1.4.2\mt-os.windows.x86_32\dev_bundle\.npm correctMkdir not in flight; initializing
58 verbose afterAdd C:\Users\Tanmoy Basak Anjan\AppData\Local\.meteor\packages\meteor-tool\1.4.2\mt-os.windows.x86_32\dev_bundle\.npm\bcrypt\0.8.7\package\package.json written
59 silly fetchNamedPackageData bindings
60 silly mapToRegistry name bindings
61 silly mapToRegistry using default registry
62 silly mapToRegistry registry https://registry.npmjs.org/
63 silly mapToRegistry data Result {
63 silly mapToRegistry   raw: 'bindings',
63 silly mapToRegistry   scope: null,
63 silly mapToRegistry   escapedName: 'bindings',
63 silly mapToRegistry   name: 'bindings',
63 silly mapToRegistry   rawSpec: '',
63 silly mapToRegistry   spec: 'latest',
63 silly mapToRegistry   type: 'tag' }
64 silly mapToRegistry uri https://registry.npmjs.org/bindings
65 silly fetchNamedPackageData nan
66 silly mapToRegistry name nan
67 silly mapToRegistry using default registry
68 silly mapToRegistry registry https://registry.npmjs.org/
69 silly mapToRegistry data Result {
69 silly mapToRegistry   raw: 'nan',
69 silly mapToRegistry   scope: null,
69 silly mapToRegistry   escapedName: 'nan',
69 silly mapToRegistry   name: 'nan',
69 silly mapToRegistry   rawSpec: '',
69 silly mapToRegistry   spec: 'latest',
69 silly mapToRegistry   type: 'tag' }
70 silly mapToRegistry uri https://registry.npmjs.org/nan
71 verbose request uri https://registry.npmjs.org/bindings
72 verbose request no auth needed
73 info attempt registry request try #1 at 2:41:04 PM
74 verbose etag "8QW29MHCPCE6VJCVI3QVXRJAQ"
75 http request GET https://registry.npmjs.org/bindings
76 verbose request uri https://registry.npmjs.org/nan
77 verbose request no auth needed
78 info attempt registry request try #1 at 2:41:04 PM
79 verbose etag "64LN9YQI6X4XTPFBYZLET8KF2"
80 http request GET https://registry.npmjs.org/nan
81 http 304 https://registry.npmjs.org/bindings
82 verbose headers { date: 'Thu, 03 Nov 2016 08:41:06 GMT',
82 verbose headers   via: '1.1 varnish',
82 verbose headers   'cache-control': 'max-age=300',
82 verbose headers   etag: '"8QW29MHCPCE6VJCVI3QVXRJAQ"',
82 verbose headers   age: '54',
82 verbose headers   connection: 'keep-alive',
82 verbose headers   'x-served-by': 'cache-sin6926-SIN',
82 verbose headers   'x-cache': 'HIT',
82 verbose headers   'x-cache-hits': '2',
82 verbose headers   'x-timer': 'S1478162466.116387,VS0,VE0',
82 verbose headers   vary: 'Accept-Encoding' }
83 silly get cb [ 304,
83 silly get   { date: 'Thu, 03 Nov 2016 08:41:06 GMT',
83 silly get     via: '1.1 varnish',
83 silly get     'cache-control': 'max-age=300',
83 silly get     etag: '"8QW29MHCPCE6VJCVI3QVXRJAQ"',
83 silly get     age: '54',
83 silly get     connection: 'keep-alive',
83 silly get     'x-served-by': 'cache-sin6926-SIN',
83 silly get     'x-cache': 'HIT',
83 silly get     'x-cache-hits': '2',
83 silly get     'x-timer': 'S1478162466.116387,VS0,VE0',
83 silly get     vary: 'Accept-Encoding' } ]
84 verbose etag https://registry.npmjs.org/bindings from cache
85 verbose get saving bindings to C:\Users\Tanmoy Basak Anjan\AppData\Local\.meteor\packages\meteor-tool\1.4.2\mt-os.windows.x86_32\dev_bundle\.npm\registry.npmjs.org\bindings\.cache.json
86 verbose correctMkdir C:\Users\Tanmoy Basak Anjan\AppData\Local\.meteor\packages\meteor-tool\1.4.2\mt-os.windows.x86_32\dev_bundle\.npm correctMkdir not in flight; initializing
87 silly resolveWithNewModule bindings@1.2.1 checking installable status
88 silly cache add args [ 'bindings@1.2.1', null ]
89 verbose cache add spec bindings@1.2.1
90 silly cache add parsed spec Result {
90 silly cache add   raw: 'bindings@1.2.1',
90 silly cache add   scope: null,
90 silly cache add   escapedName: 'bindings',
90 silly cache add   name: 'bindings',
90 silly cache add   rawSpec: '1.2.1',
90 silly cache add   spec: '1.2.1',
90 silly cache add   type: 'version' }
91 silly addNamed bindings@1.2.1
92 verbose addNamed "1.2.1" is a plain semver version for bindings
93 silly mapToRegistry name bindings
94 silly mapToRegistry using default registry
95 silly mapToRegistry registry https://registry.npmjs.org/
96 silly mapToRegistry data Result {
96 silly mapToRegistry   raw: 'bindings',
96 silly mapToRegistry   scope: null,
96 silly mapToRegistry   escapedName: 'bindings',
96 silly mapToRegistry   name: 'bindings',
96 silly mapToRegistry   rawSpec: '',
96 silly mapToRegistry   spec: 'latest',
96 silly mapToRegistry   type: 'tag' }
97 silly mapToRegistry uri https://registry.npmjs.org/bindings
98 verbose addNameVersion registry:https://registry.npmjs.org/bindings not in flight; fetching
99 verbose get https://registry.npmjs.org/bindings not expired, no request
100 silly cache afterAdd bindings@1.2.1
101 verbose afterAdd C:\Users\Tanmoy Basak Anjan\AppData\Local\.meteor\packages\meteor-tool\1.4.2\mt-os.windows.x86_32\dev_bundle\.npm\bindings\1.2.1\package\package.json not in flight; writing
102 verbose correctMkdir C:\Users\Tanmoy Basak Anjan\AppData\Local\.meteor\packages\meteor-tool\1.4.2\mt-os.windows.x86_32\dev_bundle\.npm correctMkdir not in flight; initializing
103 verbose afterAdd C:\Users\Tanmoy Basak Anjan\AppData\Local\.meteor\packages\meteor-tool\1.4.2\mt-os.windows.x86_32\dev_bundle\.npm\bindings\1.2.1\package\package.json written
104 http 304 https://registry.npmjs.org/nan
105 verbose headers { date: 'Thu, 03 Nov 2016 08:41:06 GMT',
105 verbose headers   via: '1.1 varnish',
105 verbose headers   'cache-control': 'max-age=300',
105 verbose headers   etag: '"64LN9YQI6X4XTPFBYZLET8KF2"',
105 verbose headers   age: '114',
105 verbose headers   connection: 'keep-alive',
105 verbose headers   'x-served-by': 'cache-sin6922-SIN',
105 verbose headers   'x-cache': 'HIT',
105 verbose headers   'x-cache-hits': '2',
105 verbose headers   'x-timer': 'S1478162466.322221,VS0,VE0',
105 verbose headers   vary: 'Accept-Encoding' }
106 silly get cb [ 304,
106 silly get   { date: 'Thu, 03 Nov 2016 08:41:06 GMT',
106 silly get     via: '1.1 varnish',
106 silly get     'cache-control': 'max-age=300',
106 silly get     etag: '"64LN9YQI6X4XTPFBYZLET8KF2"',
106 silly get     age: '114',
106 silly get     connection: 'keep-alive',
106 silly get     'x-served-by': 'cache-sin6922-SIN',
106 silly get     'x-cache': 'HIT',
106 silly get     'x-cache-hits': '2',
106 silly get     'x-timer': 'S1478162466.322221,VS0,VE0',
106 silly get     vary: 'Accept-Encoding' } ]
107 verbose etag https://registry.npmjs.org/nan from cache
108 verbose get saving nan to C:\Users\Tanmoy Basak Anjan\AppData\Local\.meteor\packages\meteor-tool\1.4.2\mt-os.windows.x86_32\dev_bundle\.npm\registry.npmjs.org\nan\.cache.json
109 verbose correctMkdir C:\Users\Tanmoy Basak Anjan\AppData\Local\.meteor\packages\meteor-tool\1.4.2\mt-os.windows.x86_32\dev_bundle\.npm correctMkdir not in flight; initializing
110 silly resolveWithNewModule nan@2.3.5 checking installable status
111 silly cache add args [ 'nan@2.3.5', null ]
112 verbose cache add spec nan@2.3.5
113 silly cache add parsed spec Result {
113 silly cache add   raw: 'nan@2.3.5',
113 silly cache add   scope: null,
113 silly cache add   escapedName: 'nan',
113 silly cache add   name: 'nan',
113 silly cache add   rawSpec: '2.3.5',
113 silly cache add   spec: '2.3.5',
113 silly cache add   type: 'version' }
114 silly addNamed nan@2.3.5
115 verbose addNamed "2.3.5" is a plain semver version for nan
116 silly mapToRegistry name nan
117 silly mapToRegistry using default registry
118 silly mapToRegistry registry https://registry.npmjs.org/
119 silly mapToRegistry data Result {
119 silly mapToRegistry   raw: 'nan',
119 silly mapToRegistry   scope: null,
119 silly mapToRegistry   escapedName: 'nan',
119 silly mapToRegistry   name: 'nan',
119 silly mapToRegistry   rawSpec: '',
119 silly mapToRegistry   spec: 'latest',
119 silly mapToRegistry   type: 'tag' }
120 silly mapToRegistry uri https://registry.npmjs.org/nan
121 verbose addNameVersion registry:https://registry.npmjs.org/nan not in flight; fetching
122 verbose get https://registry.npmjs.org/nan not expired, no request
123 silly cache afterAdd nan@2.3.5
124 verbose afterAdd C:\Users\Tanmoy Basak Anjan\AppData\Local\.meteor\packages\meteor-tool\1.4.2\mt-os.windows.x86_32\dev_bundle\.npm\nan\2.3.5\package\package.json not in flight; writing
125 verbose correctMkdir C:\Users\Tanmoy Basak Anjan\AppData\Local\.meteor\packages\meteor-tool\1.4.2\mt-os.windows.x86_32\dev_bundle\.npm correctMkdir not in flight; initializing
126 verbose afterAdd C:\Users\Tanmoy Basak Anjan\AppData\Local\.meteor\packages\meteor-tool\1.4.2\mt-os.windows.x86_32\dev_bundle\.npm\nan\2.3.5\package\package.json written
127 silly loadAllDepsIntoIdealTree Finishing
128 silly loadIdealTree Finishing
129 silly currentTree socialsite@
129 silly currentTree +-- asap@2.0.5
129 silly currentTree +-- core-js@1.2.7
129 silly currentTree +-- encoding@0.1.12
129 silly currentTree +-- fbjs@0.8.5
129 silly currentTree +-- iconv-lite@0.4.13
129 silly currentTree +-- immutable@3.8.1
129 silly currentTree +-- is-stream@1.1.0
129 silly currentTree +-- isomorphic-fetch@2.2.1
129 silly currentTree +-- js-tokens@2.0.0
129 silly currentTree +-- loose-envify@1.3.0
129 silly currentTree +-- meteor-node-stubs@0.2.3
129 silly currentTree | +-- assert@1.3.0
129 silly currentTree | +-- browserify-zlib@0.1.4
129 silly currentTree | | `-- pako@0.2.8
129 silly currentTree | +-- buffer@4.5.1
129 silly currentTree | | +-- base64-js@1.1.2
129 silly currentTree | | +-- ieee754@1.1.6
129 silly currentTree | | `-- isarray@1.0.0
129 silly currentTree | +-- console-browserify@1.1.0
129 silly currentTree | | `-- date-now@0.1.4
129 silly currentTree | +-- constants-browserify@1.0.0
129 silly currentTree | +-- crypto-browserify@3.11.0
129 silly currentTree | | +-- browserify-cipher@1.0.0
129 silly currentTree | | | +-- browserify-aes@1.0.6
129 silly currentTree | | | | +-- buffer-xor@1.0.3
129 silly currentTree | | | | `-- cipher-base@1.0.2
129 silly currentTree | | | +-- browserify-des@1.0.0
129 silly currentTree | | | | +-- cipher-base@1.0.2
129 silly currentTree | | | | `-- des.js@1.0.0
129 silly currentTree | | | |   `-- minimalistic-assert@1.0.0
129 silly currentTree | | | `-- evp_bytestokey@1.0.0
129 silly currentTree | | +-- browserify-sign@4.0.0
129 silly currentTree | | | +-- bn.js@4.11.1
129 silly currentTree | | | +-- browserify-rsa@4.0.1
129 silly currentTree | | | +-- elliptic@6.2.3
129 silly currentTree | | | | +-- brorand@1.0.5
129 silly currentTree | | | | `-- hash.js@1.0.3
129 silly currentTree | | | `-- parse-asn1@5.0.0
129 silly currentTree | | |   +-- asn1.js@4.5.2
129 silly currentTree | | |   | `-- minimalistic-assert@1.0.0
129 silly currentTree | | |   +-- browserify-aes@1.0.6
129 silly currentTree | | |   | +-- buffer-xor@1.0.3
129 silly currentTree | | |   | `-- cipher-base@1.0.2
129 silly currentTree | | |   `-- evp_bytestokey@1.0.0
129 silly currentTree | | +-- create-ecdh@4.0.0
129 silly currentTree | | | +-- bn.js@4.11.1
129 silly currentTree | | | `-- elliptic@6.2.3
129 silly currentTree | | |   +-- brorand@1.0.5
129 silly currentTree | | |   `-- hash.js@1.0.3
129 silly currentTree | | +-- create-hash@1.1.2
129 silly currentTree | | | +-- cipher-base@1.0.2
129 silly currentTree | | | +-- ripemd160@1.0.1
129 silly currentTree | | | `-- sha.js@2.4.5
129 silly currentTree | | +-- create-hmac@1.1.4
129 silly currentTree | | +-- diffie-hellman@5.0.2
129 silly currentTree | | | +-- bn.js@4.11.1
129 silly currentTree | | | `-- miller-rabin@4.0.0
129 silly currentTree | | |   `-- brorand@1.0.5
129 silly currentTree | | +-- inherits@2.0.1
129 silly currentTree | | +-- pbkdf2@3.0.4
129 silly currentTree | | +-- public-encrypt@4.0.0
129 silly currentTree | | | +-- bn.js@4.11.1
129 silly currentTree | | | +-- browserify-rsa@4.0.1
129 silly currentTree | | | `-- parse-asn1@5.0.0
129 silly currentTree | | |   +-- asn1.js@4.5.2
129 silly currentTree | | |   | `-- minimalistic-assert@1.0.0
129 silly currentTree | | |   +-- browserify-aes@1.0.6
129 silly currentTree | | |   | +-- buffer-xor@1.0.3
129 silly currentTree | | |   | `-- cipher-base@1.0.2
129 silly currentTree | | |   `-- evp_bytestokey@1.0.0
129 silly currentTree | | `-- randombytes@2.0.3
129 silly currentTree | +-- domain-browser@1.1.7
129 silly currentTree | +-- events@1.1.0
129 silly currentTree | +-- http-browserify@1.7.0
129 silly currentTree | | +-- Base64@0.2.1
129 silly currentTree | | `-- inherits@2.0.1
129 silly currentTree | +-- https-browserify@0.0.1
129 silly currentTree | +-- os-browserify@0.2.1
129 silly currentTree | +-- path-browserify@0.0.0
129 silly currentTree | +-- process@0.11.2
129 silly currentTree | +-- punycode@1.4.1
129 silly currentTree | +-- querystring-es3@0.2.1
129 silly currentTree | +-- readable-stream@2.0.6
129 silly currentTree | | +-- core-util-is@1.0.2
129 silly currentTree | | +-- inherits@2.0.1
129 silly currentTree | | +-- isarray@1.0.0
129 silly currentTree | | +-- process-nextick-args@1.0.6
129 silly currentTree | | `-- util-deprecate@1.0.2
129 silly currentTree | +-- stream-browserify@2.0.1
129 silly currentTree | | `-- inherits@2.0.1
129 silly currentTree | +-- string_decoder@0.10.31
129 silly currentTree | +-- timers-browserify@1.4.2
129 silly currentTree | +-- tty-browserify@0.0.0
129 silly currentTree | +-- url@0.11.0
129 silly currentTree | | +-- punycode@1.3.2
129 silly currentTree | | `-- querystring@0.2.0
129 silly currentTree | +-- util@0.10.3
129 silly currentTree | | `-- inherits@2.0.1
129 silly currentTree | `-- vm-browserify@0.0.4
129 silly currentTree |   `-- indexof@0.0.1
129 silly currentTree +-- node-fetch@1.6.3
129 silly currentTree +-- object-assign@4.1.0
129 silly currentTree +-- promise@7.1.1
129 silly currentTree +-- react-addons-create-fragment@15.3.2
129 silly currentTree +-- react-addons-css-transition-group@15.3.2
129 silly currentTree +-- react-addons-linked-state-mixin@15.3.2
129 silly currentTree +-- react-addons-perf@15.3.2
129 silly currentTree +-- react-addons-pure-render-mixin@15.3.2
129 silly currentTree +-- react-addons-test-utils@15.3.2
129 silly currentTree +-- react-addons-transition-group@15.3.2
129 silly currentTree +-- react-addons-update@15.3.2
129 silly currentTree +-- react-dom@15.3.2
129 silly currentTree +-- react-mounter@1.2.0
129 silly currentTree | +-- babel-runtime@6.18.0
129 silly currentTree | | +-- core-js@2.4.1
129 silly currentTree | | `-- regenerator-runtime@0.9.5
129 silly currentTree | `-- domready@1.0.8
129 silly currentTree +-- react@15.3.2
129 silly currentTree +-- ua-parser-js@0.7.10
129 silly currentTree `-- whatwg-fetch@1.0.0
130 silly idealTree socialsite@
130 silly idealTree +-- asap@2.0.5
130 silly idealTree +-- bcrypt@0.8.7
130 silly idealTree +-- bindings@1.2.1
130 silly idealTree +-- core-js@1.2.7
130 silly idealTree +-- encoding@0.1.12
130 silly idealTree +-- fbjs@0.8.5
130 silly idealTree +-- iconv-lite@0.4.13
130 silly idealTree +-- immutable@3.8.1
130 silly idealTree +-- is-stream@1.1.0
130 silly idealTree +-- isomorphic-fetch@2.2.1
130 silly idealTree +-- js-tokens@2.0.0
130 silly idealTree +-- loose-envify@1.3.0
130 silly idealTree +-- meteor-node-stubs@0.2.3
130 silly idealTree | +-- assert@1.3.0
130 silly idealTree | +-- browserify-zlib@0.1.4
130 silly idealTree | | `-- pako@0.2.8
130 silly idealTree | +-- buffer@4.5.1
130 silly idealTree | | +-- base64-js@1.1.2
130 silly idealTree | | +-- ieee754@1.1.6
130 silly idealTree | | `-- isarray@1.0.0
130 silly idealTree | +-- console-browserify@1.1.0
130 silly idealTree | | `-- date-now@0.1.4
130 silly idealTree | +-- constants-browserify@1.0.0
130 silly idealTree | +-- crypto-browserify@3.11.0
130 silly idealTree | | +-- browserify-cipher@1.0.0
130 silly idealTree | | | +-- browserify-aes@1.0.6
130 silly idealTree | | | | +-- buffer-xor@1.0.3
130 silly idealTree | | | | `-- cipher-base@1.0.2
130 silly idealTree | | | +-- browserify-des@1.0.0
130 silly idealTree | | | | +-- cipher-base@1.0.2
130 silly idealTree | | | | `-- des.js@1.0.0
130 silly idealTree | | | |   `-- minimalistic-assert@1.0.0
130 silly idealTree | | | `-- evp_bytestokey@1.0.0
130 silly idealTree | | +-- browserify-sign@4.0.0
130 silly idealTree | | | +-- bn.js@4.11.1
130 silly idealTree | | | +-- browserify-rsa@4.0.1
130 silly idealTree | | | +-- elliptic@6.2.3
130 silly idealTree | | | | +-- brorand@1.0.5
130 silly idealTree | | | | `-- hash.js@1.0.3
130 silly idealTree | | | `-- parse-asn1@5.0.0
130 silly idealTree | | |   +-- asn1.js@4.5.2
130 silly idealTree | | |   | `-- minimalistic-assert@1.0.0
130 silly idealTree | | |   +-- browserify-aes@1.0.6
130 silly idealTree | | |   | +-- buffer-xor@1.0.3
130 silly idealTree | | |   | `-- cipher-base@1.0.2
130 silly idealTree | | |   `-- evp_bytestokey@1.0.0
130 silly idealTree | | +-- create-ecdh@4.0.0
130 silly idealTree | | | +-- bn.js@4.11.1
130 silly idealTree | | | `-- elliptic@6.2.3
130 silly idealTree | | |   +-- brorand@1.0.5
130 silly idealTree | | |   `-- hash.js@1.0.3
130 silly idealTree | | +-- create-hash@1.1.2
130 silly idealTree | | | +-- cipher-base@1.0.2
130 silly idealTree | | | +-- ripemd160@1.0.1
130 silly idealTree | | | `-- sha.js@2.4.5
130 silly idealTree | | +-- create-hmac@1.1.4
130 silly idealTree | | +-- diffie-hellman@5.0.2
130 silly idealTree | | | +-- bn.js@4.11.1
130 silly idealTree | | | `-- miller-rabin@4.0.0
130 silly idealTree | | |   `-- brorand@1.0.5
130 silly idealTree | | +-- inherits@2.0.1
130 silly idealTree | | +-- pbkdf2@3.0.4
130 silly idealTree | | +-- public-encrypt@4.0.0
130 silly idealTree | | | +-- bn.js@4.11.1
130 silly idealTree | | | +-- browserify-rsa@4.0.1
130 silly idealTree | | | `-- parse-asn1@5.0.0
130 silly idealTree | | |   +-- asn1.js@4.5.2
130 silly idealTree | | |   | `-- minimalistic-assert@1.0.0
130 silly idealTree | | |   +-- browserify-aes@1.0.6
130 silly idealTree | | |   | +-- buffer-xor@1.0.3
130 silly idealTree | | |   | `-- cipher-base@1.0.2
130 silly idealTree | | |   `-- evp_bytestokey@1.0.0
130 silly idealTree | | `-- randombytes@2.0.3
130 silly idealTree | +-- domain-browser@1.1.7
130 silly idealTree | +-- events@1.1.0
130 silly idealTree | +-- http-browserify@1.7.0
130 silly idealTree | | +-- Base64@0.2.1
130 silly idealTree | | `-- inherits@2.0.1
130 silly idealTree | +-- https-browserify@0.0.1
130 silly idealTree | +-- os-browserify@0.2.1
130 silly idealTree | +-- path-browserify@0.0.0
130 silly idealTree | +-- process@0.11.2
130 silly idealTree | +-- punycode@1.4.1
130 silly idealTree | +-- querystring-es3@0.2.1
130 silly idealTree | +-- readable-stream@2.0.6
130 silly idealTree | | +-- core-util-is@1.0.2
130 silly idealTree | | +-- inherits@2.0.1
130 silly idealTree | | +-- isarray@1.0.0
130 silly idealTree | | +-- process-nextick-args@1.0.6
130 silly idealTree | | `-- util-deprecate@1.0.2
130 silly idealTree | +-- stream-browserify@2.0.1
130 silly idealTree | | `-- inherits@2.0.1
130 silly idealTree | +-- string_decoder@0.10.31
130 silly idealTree | +-- timers-browserify@1.4.2
130 silly idealTree | +-- tty-browserify@0.0.0
130 silly idealTree | +-- url@0.11.0
130 silly idealTree | | +-- punycode@1.3.2
130 silly idealTree | | `-- querystring@0.2.0
130 silly idealTree | +-- util@0.10.3
130 silly idealTree | | `-- inherits@2.0.1
130 silly idealTree | `-- vm-browserify@0.0.4
130 silly idealTree |   `-- indexof@0.0.1
130 silly idealTree +-- nan@2.3.5
130 silly idealTree +-- node-fetch@1.6.3
130 silly idealTree +-- object-assign@4.1.0
130 silly idealTree +-- promise@7.1.1
130 silly idealTree +-- react-addons-create-fragment@15.3.2
130 silly idealTree +-- react-addons-css-transition-group@15.3.2
130 silly idealTree +-- react-addons-linked-state-mixin@15.3.2
130 silly idealTree +-- react-addons-perf@15.3.2
130 silly idealTree +-- react-addons-pure-render-mixin@15.3.2
130 silly idealTree +-- react-addons-test-utils@15.3.2
130 silly idealTree +-- react-addons-transition-group@15.3.2
130 silly idealTree +-- react-addons-update@15.3.2
130 silly idealTree +-- react-dom@15.3.2
130 silly idealTree +-- react-mounter@1.2.0
130 silly idealTree | +-- babel-runtime@6.18.0
130 silly idealTree | | +-- core-js@2.4.1
130 silly idealTree | | `-- regenerator-runtime@0.9.5
130 silly idealTree | `-- domready@1.0.8
130 silly idealTree +-- react@15.3.2
130 silly idealTree +-- ua-parser-js@0.7.10
130 silly idealTree `-- whatwg-fetch@1.0.0
131 silly generateActionsToTake Starting
132 silly install generateActionsToTake
133 silly generateActionsToTake Finishing
134 silly diffTrees action count 3
135 silly diffTrees add bindings@1.2.1
136 silly diffTrees add nan@2.3.5
137 silly diffTrees add bcrypt@0.8.7
138 silly decomposeActions action count 24
139 silly decomposeActions fetch bindings@1.2.1
140 silly decomposeActions extract bindings@1.2.1
141 silly decomposeActions test bindings@1.2.1
142 silly decomposeActions preinstall bindings@1.2.1
143 silly decomposeActions build bindings@1.2.1
144 silly decomposeActions install bindings@1.2.1
145 silly decomposeActions postinstall bindings@1.2.1
146 silly decomposeActions finalize bindings@1.2.1
147 silly decomposeActions fetch nan@2.3.5
148 silly decomposeActions extract nan@2.3.5
149 silly decomposeActions test nan@2.3.5
150 silly decomposeActions preinstall nan@2.3.5
151 silly decomposeActions build nan@2.3.5
152 silly decomposeActions install nan@2.3.5
153 silly decomposeActions postinstall nan@2.3.5
154 silly decomposeActions finalize nan@2.3.5
155 silly decomposeActions fetch bcrypt@0.8.7
156 silly decomposeActions extract bcrypt@0.8.7
157 silly decomposeActions test bcrypt@0.8.7
158 silly decomposeActions preinstall bcrypt@0.8.7
159 silly decomposeActions build bcrypt@0.8.7
160 silly decomposeActions install bcrypt@0.8.7
161 silly decomposeActions postinstall bcrypt@0.8.7
162 silly decomposeActions finalize bcrypt@0.8.7
163 silly runTopLevelLifecycles Starting
164 silly executeActions Starting
165 silly install executeActions
166 silly doSerial global-install 0
167 silly doParallel fetch 3
168 verbose correctMkdir C:\Users\Tanmoy Basak Anjan\AppData\Local\.meteor\packages\meteor-tool\1.4.2\mt-os.windows.x86_32\dev_bundle\.npm\_locks correctMkdir not in flight; initializing
169 verbose lock using C:\Users\Tanmoy Basak Anjan\AppData\Local\.meteor\packages\meteor-tool\1.4.2\mt-os.windows.x86_32\dev_bundle\.npm\_locks\staging-133f75d348aac636.lock for D:\meteortrials\socialsite\node_modules\.staging
170 silly doParallel extract 3
171 silly extract bindings@1.2.1
172 silly extract nan@2.3.5
173 silly extract bcrypt@0.8.7
174 verbose unbuild node_modules\.staging\bindings-a9547a4c
175 verbose unbuild node_modules\.staging\nan-24187af6
176 verbose unbuild node_modules\.staging\bcrypt-1b025dbf
177 silly gentlyRm D:\meteortrials\socialsite\node_modules\.staging\bindings-a9547a4c is being purged from base D:\meteortrials\socialsite
178 verbose gentlyRm don't care about contents; nuking D:\meteortrials\socialsite\node_modules\.staging\bindings-a9547a4c
179 silly gentlyRm D:\meteortrials\socialsite\node_modules\.staging\nan-24187af6 is being purged from base D:\meteortrials\socialsite
180 verbose gentlyRm don't care about contents; nuking D:\meteortrials\socialsite\node_modules\.staging\nan-24187af6
181 silly gentlyRm D:\meteortrials\socialsite\node_modules\.staging\bcrypt-1b025dbf is being purged from base D:\meteortrials\socialsite
182 verbose gentlyRm don't care about contents; nuking D:\meteortrials\socialsite\node_modules\.staging\bcrypt-1b025dbf
183 verbose tar unpack C:\Users\Tanmoy Basak Anjan\AppData\Local\.meteor\packages\meteor-tool\1.4.2\mt-os.windows.x86_32\dev_bundle\.npm\bindings\1.2.1\package.tgz
184 verbose tar unpacking to D:\meteortrials\socialsite\node_modules\.staging\bindings-a9547a4c
185 silly gentlyRm D:\meteortrials\socialsite\node_modules\.staging\bindings-a9547a4c is being purged
186 verbose gentlyRm don't care about contents; nuking D:\meteortrials\socialsite\node_modules\.staging\bindings-a9547a4c
187 verbose tar unpack C:\Users\Tanmoy Basak Anjan\AppData\Local\.meteor\packages\meteor-tool\1.4.2\mt-os.windows.x86_32\dev_bundle\.npm\nan\2.3.5\package.tgz
188 verbose tar unpacking to D:\meteortrials\socialsite\node_modules\.staging\nan-24187af6
189 silly gentlyRm D:\meteortrials\socialsite\node_modules\.staging\nan-24187af6 is being purged
190 verbose gentlyRm don't care about contents; nuking D:\meteortrials\socialsite\node_modules\.staging\nan-24187af6
191 verbose tar unpack C:\Users\Tanmoy Basak Anjan\AppData\Local\.meteor\packages\meteor-tool\1.4.2\mt-os.windows.x86_32\dev_bundle\.npm\bcrypt\0.8.7\package.tgz
192 verbose tar unpacking to D:\meteortrials\socialsite\node_modules\.staging\bcrypt-1b025dbf
193 silly gentlyRm D:\meteortrials\socialsite\node_modules\.staging\bcrypt-1b025dbf is being purged
194 verbose gentlyRm don't care about contents; nuking D:\meteortrials\socialsite\node_modules\.staging\bcrypt-1b025dbf
195 silly gunzTarPerm modes [ '777', '666' ]
196 silly gunzTarPerm modes [ '777', '666' ]
197 silly gunzTarPerm modes [ '777', '666' ]
198 silly gunzTarPerm extractEntry package.json
199 silly gunzTarPerm modified mode [ 'package.json', 420, 438 ]
200 silly gunzTarPerm extractEntry package.json
201 silly gunzTarPerm modified mode [ 'package.json', 436, 438 ]
202 silly gunzTarPerm extractEntry package.json
203 silly gunzTarPerm modified mode [ 'package.json', 420, 438 ]
204 silly gunzTarPerm extractEntry README.md
205 silly gunzTarPerm modified mode [ 'README.md', 420, 438 ]
206 silly gunzTarPerm extractEntry bindings.js
207 silly gunzTarPerm modified mode [ 'bindings.js', 420, 438 ]
208 silly gunzTarPerm extractEntry README.md
209 silly gunzTarPerm modified mode [ 'README.md', 436, 438 ]
210 silly gunzTarPerm extractEntry .npmignore
211 silly gunzTarPerm modified mode [ '.npmignore', 420, 438 ]
212 silly gunzTarPerm extractEntry README.md
213 silly gunzTarPerm modified mode [ 'README.md', 420, 438 ]
214 silly gunzTarPerm extractEntry include_dirs.js
215 silly gunzTarPerm modified mode [ 'include_dirs.js', 436, 438 ]
216 silly gunzTarPerm extractEntry LICENSE
217 silly gunzTarPerm modified mode [ 'LICENSE', 420, 438 ]
218 silly gunzTarPerm extractEntry bcrypt.js
219 silly gunzTarPerm modified mode [ 'bcrypt.js', 420, 438 ]
220 silly gunzTarPerm extractEntry Makefile
221 silly gunzTarPerm modified mode [ 'Makefile', 420, 438 ]
222 silly gunzTarPerm extractEntry .travis.yml
223 silly gunzTarPerm modified mode [ '.travis.yml', 420, 438 ]
224 silly gunzTarPerm extractEntry CHANGELOG.md
225 silly gunzTarPerm modified mode [ 'CHANGELOG.md', 420, 438 ]
226 silly gunzTarPerm extractEntry binding.gyp
227 silly gunzTarPerm modified mode [ 'binding.gyp', 420, 438 ]
228 silly gunzTarPerm extractEntry examples/async_compare.js
229 silly gunzTarPerm modified mode [ 'examples/async_compare.js', 420, 438 ]
230 silly gunzTarPerm extractEntry examples/forever_gen_salt.js
231 silly gunzTarPerm modified mode [ 'examples/forever_gen_salt.js', 420, 438 ]
232 silly gunzTarPerm extractEntry test/async.js
233 silly gunzTarPerm modified mode [ 'test/async.js', 420, 438 ]
234 silly gunzTarPerm extractEntry test/repetitions.js
235 silly gunzTarPerm modified mode [ 'test/repetitions.js', 420, 438 ]
236 silly gunzTarPerm extractEntry test/sync.js
237 silly gunzTarPerm modified mode [ 'test/sync.js', 420, 438 ]
238 silly gunzTarPerm extractEntry ISSUE_TEMPLATE.md
239 silly gunzTarPerm modified mode [ 'ISSUE_TEMPLATE.md', 420, 438 ]
240 silly gunzTarPerm extractEntry src/bcrypt.cc
241 silly gunzTarPerm modified mode [ 'src/bcrypt.cc', 420, 438 ]
242 silly gunzTarPerm extractEntry src/bcrypt_node.cc
243 silly gunzTarPerm modified mode [ 'src/bcrypt_node.cc', 420, 438 ]
244 silly gunzTarPerm extractEntry src/blowfish.cc
245 silly gunzTarPerm modified mode [ 'src/blowfish.cc', 420, 438 ]
246 silly gunzTarPerm extractEntry src/node_blf.h
247 silly gunzTarPerm modified mode [ 'src/node_blf.h', 420, 438 ]
248 silly gunzTarPerm extractEntry werker.yml
249 silly gunzTarPerm modified mode [ 'werker.yml', 420, 438 ]
250 silly gunzTarPerm extractEntry nan_converters.h
251 silly gunzTarPerm modified mode [ 'nan_converters.h', 436, 438 ]
252 silly gunzTarPerm extractEntry LICENSE.md
253 silly gunzTarPerm modified mode [ 'LICENSE.md', 436, 438 ]
254 silly gunzTarPerm extractEntry doc/node_misc.md
255 silly gunzTarPerm modified mode [ 'doc/node_misc.md', 436, 438 ]
256 silly gunzTarPerm extractEntry doc/asyncworker.md
257 silly gunzTarPerm modified mode [ 'doc/asyncworker.md', 436, 438 ]
258 silly gunzTarPerm extractEntry doc/callback.md
259 silly gunzTarPerm modified mode [ 'doc/callback.md', 436, 438 ]
260 silly gunzTarPerm extractEntry doc/converters.md
261 silly gunzTarPerm modified mode [ 'doc/converters.md', 436, 438 ]
262 silly gunzTarPerm extractEntry doc/errors.md
263 silly gunzTarPerm modified mode [ 'doc/errors.md', 436, 438 ]
264 silly gunzTarPerm extractEntry doc/maybe_types.md
265 silly gunzTarPerm modified mode [ 'doc/maybe_types.md', 436, 438 ]
266 silly gunzTarPerm extractEntry doc/methods.md
267 silly gunzTarPerm modified mode [ 'doc/methods.md', 436, 438 ]
268 silly gunzTarPerm extractEntry doc/new.md
269 silly gunzTarPerm modified mode [ 'doc/new.md', 436, 438 ]
270 silly gunzTarPerm extractEntry doc/buffers.md
271 silly gunzTarPerm modified mode [ 'doc/buffers.md', 436, 438 ]
272 silly gunzTarPerm extractEntry doc/object_wrappers.md
273 silly gunzTarPerm modified mode [ 'doc/object_wrappers.md', 436, 438 ]
274 silly gunzTarPerm extractEntry doc/persistent.md
275 silly gunzTarPerm modified mode [ 'doc/persistent.md', 436, 438 ]
276 silly gunzTarPerm extractEntry doc/scopes.md
277 silly gunzTarPerm modified mode [ 'doc/scopes.md', 436, 438 ]
278 silly gunzTarPerm extractEntry doc/script.md
279 silly gunzTarPerm modified mode [ 'doc/script.md', 436, 438 ]
280 silly gunzTarPerm extractEntry doc/string_bytes.md
281 silly gunzTarPerm modified mode [ 'doc/string_bytes.md', 436, 438 ]
282 silly gunzTarPerm extractEntry doc/v8_internals.md
283 silly gunzTarPerm modified mode [ 'doc/v8_internals.md', 436, 438 ]
284 silly gunzTarPerm extractEntry doc/v8_misc.md
285 silly gunzTarPerm modified mode [ 'doc/v8_misc.md', 436, 438 ]
286 silly gunzTarPerm extractEntry nan.h
287 silly gunzTarPerm modified mode [ 'nan.h', 436, 438 ]
288 silly gunzTarPerm extractEntry nan_callbacks.h
289 silly gunzTarPerm modified mode [ 'nan_callbacks.h', 436, 438 ]
290 silly gunzTarPerm extractEntry nan_callbacks_12_inl.h
291 silly gunzTarPerm modified mode [ 'nan_callbacks_12_inl.h', 436, 438 ]
292 silly gunzTarPerm extractEntry nan_callbacks_pre_12_inl.h
293 silly gunzTarPerm modified mode [ 'nan_callbacks_pre_12_inl.h', 436, 438 ]
294 silly gunzTarPerm extractEntry nan_converters_43_inl.h
295 silly gunzTarPerm modified mode [ 'nan_converters_43_inl.h', 436, 438 ]
296 silly gunzTarPerm extractEntry nan_converters_pre_43_inl.h
297 silly gunzTarPerm modified mode [ 'nan_converters_pre_43_inl.h', 436, 438 ]
298 silly gunzTarPerm extractEntry nan_implementation_12_inl.h
299 silly gunzTarPerm modified mode [ 'nan_implementation_12_inl.h', 436, 438 ]
300 silly gunzTarPerm extractEntry nan_implementation_pre_12_inl.h
301 silly gunzTarPerm modified mode [ 'nan_implementation_pre_12_inl.h', 436, 438 ]
302 silly gunzTarPerm extractEntry nan_maybe_43_inl.h
303 silly gunzTarPerm modified mode [ 'nan_maybe_43_inl.h', 436, 438 ]
304 silly gunzTarPerm extractEntry nan_maybe_pre_43_inl.h
305 silly gunzTarPerm modified mode [ 'nan_maybe_pre_43_inl.h', 436, 438 ]
306 silly gunzTarPerm extractEntry nan_new.h
307 silly gunzTarPerm modified mode [ 'nan_new.h', 436, 438 ]
308 silly gunzTarPerm extractEntry nan_object_wrap.h
309 silly gunzTarPerm modified mode [ 'nan_object_wrap.h', 436, 438 ]
310 silly gunzTarPerm extractEntry nan_persistent_12_inl.h
311 silly gunzTarPerm modified mode [ 'nan_persistent_12_inl.h', 436, 438 ]
312 silly gunzTarPerm extractEntry nan_persistent_pre_12_inl.h
313 silly gunzTarPerm modified mode [ 'nan_persistent_pre_12_inl.h', 436, 438 ]
314 silly gunzTarPerm extractEntry nan_string_bytes.h
315 silly gunzTarPerm modified mode [ 'nan_string_bytes.h', 436, 438 ]
316 silly gunzTarPerm extractEntry nan_typedarray_contents.h
317 silly gunzTarPerm modified mode [ 'nan_typedarray_contents.h', 436, 438 ]
318 silly gunzTarPerm extractEntry nan_weak.h
319 silly gunzTarPerm modified mode [ 'nan_weak.h', 436, 438 ]
320 silly gunzTarPerm extractEntry CHANGELOG.md
321 silly gunzTarPerm modified mode [ 'CHANGELOG.md', 436, 438 ]
322 silly gunzTarPerm extractEntry tools/package.json
323 silly gunzTarPerm modified mode [ 'tools/package.json', 436, 438 ]
324 silly gunzTarPerm extractEntry tools/README.md
325 silly gunzTarPerm modified mode [ 'tools/README.md', 436, 438 ]
326 silly gunzTarPerm extractEntry tools/1to2.js
327 silly gunzTarPerm modified mode [ 'tools/1to2.js', 509, 511 ]
328 silly gentlyRm D:\meteortrials\socialsite\node_modules\.staging\bindings-a9547a4c\node_modules is being purged
329 verbose gentlyRm don't care about contents; nuking D:\meteortrials\socialsite\node_modules\.staging\bindings-a9547a4c\node_modules
330 silly gentlyRm D:\meteortrials\socialsite\node_modules\.staging\bcrypt-1b025dbf\node_modules is being purged
331 verbose gentlyRm don't care about contents; nuking D:\meteortrials\socialsite\node_modules\.staging\bcrypt-1b025dbf\node_modules
332 silly gentlyRm D:\meteortrials\socialsite\node_modules\.staging\nan-24187af6\node_modules is being purged
333 verbose gentlyRm don't care about contents; nuking D:\meteortrials\socialsite\node_modules\.staging\nan-24187af6\node_modules
334 silly doParallel preinstall 3
335 silly preinstall bindings@1.2.1 D:\meteortrials\socialsite\node_modules\.staging\bindings-a9547a4c
336 info lifecycle bindings@1.2.1~preinstall: bindings@1.2.1
337 silly preinstall nan@2.3.5 D:\meteortrials\socialsite\node_modules\.staging\nan-24187af6
338 info lifecycle nan@2.3.5~preinstall: nan@2.3.5
339 silly preinstall bcrypt@0.8.7 D:\meteortrials\socialsite\node_modules\.staging\bcrypt-1b025dbf
340 info lifecycle bcrypt@0.8.7~preinstall: bcrypt@0.8.7
341 silly lifecycle bindings@1.2.1~preinstall: no script for preinstall, continuing
342 silly lifecycle nan@2.3.5~preinstall: no script for preinstall, continuing
343 silly lifecycle bcrypt@0.8.7~preinstall: no script for preinstall, continuing
344 silly doReverseSerial remove 0
345 silly doSerial move 0
346 silly doSerial finalize 3
347 silly finalize D:\meteortrials\socialsite\node_modules\bindings
348 silly finalize D:\meteortrials\socialsite\node_modules\nan
349 silly finalize D:\meteortrials\socialsite\node_modules\bcrypt
350 silly doSerial build 3
351 silly build bindings@1.2.1
352 info linkStuff bindings@1.2.1
353 silly linkStuff bindings@1.2.1 has D:\meteortrials\socialsite\node_modules as its parent node_modules
354 verbose linkBins bindings@1.2.1
355 verbose linkMans bindings@1.2.1
356 silly build nan@2.3.5
357 info linkStuff nan@2.3.5
358 silly linkStuff nan@2.3.5 has D:\meteortrials\socialsite\node_modules as its parent node_modules
359 verbose linkBins nan@2.3.5
360 verbose linkMans nan@2.3.5
361 silly build bcrypt@0.8.7
362 info linkStuff bcrypt@0.8.7
363 silly linkStuff bcrypt@0.8.7 has D:\meteortrials\socialsite\node_modules as its parent node_modules
364 verbose linkBins bcrypt@0.8.7
365 verbose linkMans bcrypt@0.8.7
366 silly doSerial global-link 0
367 silly doParallel update-linked 0
368 silly doSerial install 3
369 silly install bindings@1.2.1 D:\meteortrials\socialsite\node_modules\.staging\bindings-a9547a4c
370 info lifecycle bindings@1.2.1~install: bindings@1.2.1
371 silly lifecycle bindings@1.2.1~install: no script for install, continuing
372 silly install nan@2.3.5 D:\meteortrials\socialsite\node_modules\.staging\nan-24187af6
373 info lifecycle nan@2.3.5~install: nan@2.3.5
374 silly lifecycle nan@2.3.5~install: no script for install, continuing
375 silly install bcrypt@0.8.7 D:\meteortrials\socialsite\node_modules\.staging\bcrypt-1b025dbf
376 info lifecycle bcrypt@0.8.7~install: bcrypt@0.8.7
377 verbose lifecycle bcrypt@0.8.7~install: unsafe-perm in lifecycle true
378 verbose lifecycle bcrypt@0.8.7~install: PATH: C:\Users\Tanmoy Basak Anjan\AppData\Local\.meteor\packages\meteor-tool\1.4.2\mt-os.windows.x86_32\dev_bundle\lib\node_modules\npm\bin\node-gyp-bin;D:\meteortrials\socialsite\node_modules\bcrypt\node_modules\.bin;D:\meteortrials\socialsite\node_modules\.bin;C:\Users\Tanmoy Basak Anjan\AppData\Local\.meteor\packages\meteor-tool\1.4.2\mt-os.windows.x86_32\dev_bundle\bin;C:\Users\Tanmoy Basak Anjan\AppData\Local\.meteor\packages\meteor-tool\1.4.2\mt-os.windows.x86_32\dev_bundle\lib\node_modules\.bin;C:\ProgramData\Oracle\Java\javapath;C:\WINDOWS\system32;C:\WINDOWS;C:\WINDOWS\System32\Wbem;C:\WINDOWS\System32\WindowsPowerShell\v1.0\;C:\wamp64\bin\php\php5.6.16;C:\Program Files\nodejs\;C:\Program Files\MongoDB\Server\3.2\bin;C:\Program Files\Git\cmd;C:\Program Files (x86)\Common Files\lenovo\easyplussdk\bin;C:\Program Files (x86)\Skype\Phone\;C:\Users\Tanmoy Basak Anjan\AppData\Roaming\npm;C:\Users\Tanmoy Basak Anjan\AppData\Local\.meteor\
379 verbose lifecycle bcrypt@0.8.7~install: CWD: D:\meteortrials\socialsite\node_modules\bcrypt
380 silly lifecycle bcrypt@0.8.7~install: Args: [ '/d /s /c', 'node-gyp rebuild' ]
381 silly lifecycle bcrypt@0.8.7~install: Returned: code: 1  signal: null
382 info lifecycle bcrypt@0.8.7~install: Failed to exec install script
383 verbose unlock done using C:\Users\Tanmoy Basak Anjan\AppData\Local\.meteor\packages\meteor-tool\1.4.2\mt-os.windows.x86_32\dev_bundle\.npm\_locks\staging-133f75d348aac636.lock for D:\meteortrials\socialsite\node_modules\.staging
384 silly rollbackFailedOptional Starting
385 silly rollbackFailedOptional Finishing
386 silly runTopLevelLifecycles Finishing
387 silly install printInstalled
388 verbose stack Error: bcrypt@0.8.7 install: `node-gyp rebuild`
388 verbose stack Exit status 1
388 verbose stack     at EventEmitter.<anonymous> (C:\Users\Tanmoy Basak Anjan\AppData\Local\.meteor\packages\meteor-tool\1.4.2\mt-os.windows.x86_32\dev_bundle\lib\node_modules\npm\lib\utils\lifecycle.js:255:16)
388 verbose stack     at emitTwo (events.js:87:13)
388 verbose stack     at EventEmitter.emit (events.js:172:7)
388 verbose stack     at ChildProcess.<anonymous> (C:\Users\Tanmoy Basak Anjan\AppData\Local\.meteor\packages\meteor-tool\1.4.2\mt-os.windows.x86_32\dev_bundle\lib\node_modules\npm\lib\utils\spawn.js:40:14)
388 verbose stack     at emitTwo (events.js:87:13)
388 verbose stack     at ChildProcess.emit (events.js:172:7)
388 verbose stack     at maybeClose (internal/child_process.js:829:16)
388 verbose stack     at Process.ChildProcess._handle.onexit (internal/child_process.js:211:5)
389 verbose pkgid bcrypt@0.8.7
390 verbose cwd D:\meteortrials\socialsite
391 error Windows_NT 10.0.10586
392 error argv "C:\\Users\\Tanmoy Basak Anjan\\AppData\\Local\\.meteor\\packages\\meteor-tool\\1.4.2\\mt-os.windows.x86_32\\dev_bundle\\bin\\node.exe" "C:\\Users\\Tanmoy Basak Anjan\\AppData\\Local\\.meteor\\packages\\meteor-tool\\1.4.2\\mt-os.windows.x86_32\\dev_bundle\\lib\\node_modules\\npm\\bin\\npm-cli.js" "install" "--save" "bcrypt"
393 error node v4.6.1
394 error npm  v3.10.9
395 error code ELIFECYCLE
396 error bcrypt@0.8.7 install: `node-gyp rebuild`
396 error Exit status 1
397 error Failed at the bcrypt@0.8.7 install script 'node-gyp rebuild'.
397 error Make sure you have the latest version of node.js and npm installed.
397 error If you do, this is most likely a problem with the bcrypt package,
397 error not with npm itself.
397 error Tell the author that this fails on your system:
397 error     node-gyp rebuild
397 error You can get information on how to open an issue for this project with:
397 error     npm bugs bcrypt
397 error Or if that isn't available, you can get their info via:
397 error     npm owner ls bcrypt
397 error There is likely additional logging output above.
398 verbose exit [ 1, true ]
